[augustohack.com.br/viver-de-home-office/index.html]
[backblue.gif]
[fade.gif]
[index.html]
[c0.wp.com/c/6.0.2/wp-includes/css/dist/block-library/style.min.css]
[c0.wp.com/c/6.0.2/wp-includes/js/mediaelement/mediaelementplayer-legacy.min.css]
[c0.wp.com/c/6.0.2/wp-includes/js/mediaelement/wp-mediaelement.min.css]
[augustohack.com.br/wp-content/themes/generatepress/assets/css/main.min583f.css]
[augustohack.com.br/wp-content/plugins/cookie-notice/css/front.min5b21.css]
[augustohack.com.br/wp-content/plugins/creame-whatsapp-me/public/css/joinchat.min3172.css]
[augustohack.com.br/wp-content/plugins/elementor/assets/lib/eicons/css/elementor-icons.min74e5.css]
[augustohack.com.br/wp-content/plugins/elementor/assets/lib/animations/animations.minc578.css]
[augustohack.com.br/wp-content/plugins/elementor/assets/css/frontend-legacy.minc578.css]
[augustohack.com.br/wp-content/plugins/elementor/assets/css/frontend.minc578.css]
[augustohack.com.br/wp-content/uploads/elementor/css/post-131245.css]
[augustohack.com.br/wp-content/plugins/elementor-pro/assets/css/frontend.min6173.css]
[augustohack.com.br/wp-content/uploads/elementor/css/global0d51.css]
[augustohack.com.br/wp-content/uploads/elementor/css/post-17971a4d.css]
[augustohack.com.br/wp-content/plugins/elementor/assets/lib/font-awesome/css/fontawesome.minb683.css]
[augustohack.com.br/wp-content/plugins/elementor/assets/lib/font-awesome/css/regular.minb683.css]
[augustohack.com.br/wp-content/plugins/elementor/assets/lib/font-awesome/css/solid.minb683.css]
[augustohack.com.br/wp-content/plugins/elementor/assets/lib/font-awesome/css/brands.minb683.css]
[c0.wp.com/p/jetpack/10.7/css/jetpack.css]
[augustohack.com.br/wp-content/plugins/cookie-notice/js/front.min950a.js]
[c0.wp.com/c/6.0.2/wp-includes/js/jquery/jquery.min.js]
[c0.wp.com/c/6.0.2/wp-includes/js/jquery/jquery-migrate.min.js]
[augustohack.com.br/wp-content/plugins/pixelyoursite/dist/scripts/jquery.bind-first-0.2.3.min5b21.js]
[augustohack.com.br/wp-content/plugins/pixelyoursite/dist/scripts/js.cookie-2.1.3.min4c71.js]
[augustohack.com.br/wp-content/plugins/pixelyoursite/dist/scripts/public035a.js]
[augustohack.com.br/wp-content/uploads/2022/03/cropped-logo-32x32.png]
[augustohack.com.br/wp-content/uploads/2022/03/cropped-logo-192x192.png]
[augustohack.com.br/wp-content/uploads/2022/03/cropped-logo-180x180.png]
[augustohack.com.br/wp-content/uploads/2022/10/Logo-2-VHO-1.png]
[augustohack.com.br/wp-content/uploads/2022/10/pic-01.png]
[augustohack.com.br/wp-content/uploads/2022/10/Depo-02.jpg]
[augustohack.com.br/wp-content/uploads/2022/10/Depo-13.jpg]
[augustohack.com.br/wp-content/uploads/2022/10/Depo-11.jpg]
[augustohack.com.br/wp-content/uploads/2022/10/Depo-15.jpg]
[augustohack.com.br/wp-content/uploads/2022/10/Depo-03.jpg]
[augustohack.com.br/wp-content/uploads/2022/10/Depo-09.jpg]
[augustohack.com.br/wp-content/uploads/2022/08/foto-3.jpg]
[augustohack.com.br/wp-content/uploads/2022/10/Logo-2-VHO.png]
[augustohack.com.br/wp-content/uploads/2022/10/CORPO-SITE-21-694x1024.png]
[augustohack.com.br/wp-content/uploads/2022/10/Guguinha-2.png]
[augustohack.com.br/wp-content/uploads/2022/10/Foto-Perfil-Sem-Fundo-Tratado-2-1024x849.png]
[augustohack.com.br/wp-content/themes/generatepress/assets/js/menu.min583f.js]
[augustohack.com.br/wp-content/plugins/creame-whatsapp-me/public/js/joinchat.min3172.js]
[c0.wp.com/c/6.0.2/wp-includes/js/imagesloaded.min.js]
[augustohack.com.br/wp-content/plugins/elementor-pro/assets/lib/smartmenus/jquery.smartmenus.minf269.js]
[augustohack.com.br/wp-content/plugins/elementor/assets/js/frontend-modules.minc578.js]
[augustohack.com.br/wp-content/plugins/elementor-pro/assets/lib/sticky/jquery.sticky.min6173.js]
[c0.wp.com/c/6.0.2/wp-includes/js/jquery/ui/core.min.js]
[augustohack.com.br/wp-content/plugins/elementor-pro/assets/js/frontend.min6173.js]
[augustohack.com.br/wp-content/plugins/elementor/assets/lib/dialog/dialog.mina288.js]
[augustohack.com.br/wp-content/plugins/elementor/assets/lib/waypoints/waypoints.min05da.js]
[augustohack.com.br/wp-content/plugins/elementor/assets/lib/swiper/swiper.min48f5.js]
[augustohack.com.br/wp-content/plugins/elementor/assets/lib/share-link/share-link.minc578.js]
[augustohack.com.br/wp-content/plugins/elementor/assets/js/frontend.minc578.js]
[augustohack.com.br/viver-de-home-office/index.html]
[c0.wp.com/c/6.0.2/wp-includes/css/dist/block-library/style.min.css]
[stats.wp.com/e-202240.js]
[c0.wp.com/c/6.0.2/wp-includes/js/mediaelement/mediaelementplayer-legacy.min.css]
[c0.wp.com/c/6.0.2/wp-includes/js/mediaelement/wp-mediaelement.min.css]
[augustohack.com.br/wp-content/themes/generatepress/assets/css/main.min583f.css]
[augustohack.com.br/wp-content/plugins/cookie-notice/css/front.min5b21.css]
[augustohack.com.br/wp-content/plugins/creame-whatsapp-me/public/css/joinchat.min3172.css]
[augustohack.com.br/wp-content/plugins/elementor/assets/lib/eicons/css/elementor-icons.min74e5.css]
[augustohack.com.br/wp-content/plugins/elementor/assets/lib/animations/animations.minc578.css]
[augustohack.com.br/wp-content/plugins/elementor/assets/css/frontend-legacy.minc578.css]
[augustohack.com.br/wp-content/plugins/elementor/assets/css/frontend.minc578.css]
[augustohack.com.br/wp-content/uploads/elementor/css/post-131245.css]
[augustohack.com.br/wp-content/plugins/elementor-pro/assets/css/frontend.min6173.css]
[augustohack.com.br/wp-content/uploads/elementor/css/global0d51.css]
[c0.wp.com/c/6.0.2/wp-includes/js/mediaelement/mejs-controls.svg]
[augustohack.com.br/wp-content/uploads/2022/10/Fundo-Preto-01-1.jpg]
[augustohack.com.br/wp-content/uploads/2022/10/tijolo-21.jpg]
[augustohack.com.br/wp-content/uploads/2022/10/Fundo-Preto-05-1.jpg]
[augustohack.com.br/wp-content/uploads/2022/10/Fundo-Preto-02-1.jpg]
[augustohack.com.br/wp-content/uploads/elementor/css/post-17971a4d.css]
[augustohack.com.br/wp-content/plugins/elementor/assets/lib/font-awesome/css/fontawesome.minb683.css]
[augustohack.com.br/wp-content/plugins/elementor/assets/lib/font-awesome/css/regular.minb683.css]
[augustohack.com.br/wp-content/plugins/elementor/assets/lib/font-awesome/css/solid.minb683.css]
[augustohack.com.br/wp-content/plugins/elementor/assets/lib/font-awesome/css/brands.minb683.css]
[c0.wp.com/p/jetpack/10.7/modules/shortcodes/images/slide-nav.png]
[secure.gravatar.com/images/grav-share-sprite.png]
[c0.wp.com/p/jetpack/10.7/css/jetpack.css]
[augustohack.com.br/wp-content/plugins/cookie-notice/js/front.min950a.js]
[augustohack.com.br/wp-content/plugins/pixelyoursite/dist/scripts/jquery.bind-first-0.2.3.min5b21.js]
[augustohack.com.br/wp-content/plugins/pixelyoursite/dist/scripts/js.cookie-2.1.3.min4c71.js]
[augustohack.com.br/wp-content/plugins/pixelyoursite/dist/scripts/public035a.js]
[augustohack.com.br/wp-content/themes/generatepress/assets/js/menu.min583f.js]
[augustohack.com.br/wp-content/plugins/creame-whatsapp-me/public/js/joinchat.min3172.js]
[augustohack.com.br/wp-content/plugins/elementor-pro/assets/lib/smartmenus/jquery.smartmenus.minf269.js]
[augustohack.com.br/wp-content/plugins/elementor/assets/js/frontend-modules.minc578.js]
[augustohack.com.br/wp-content/plugins/elementor-pro/assets/lib/sticky/jquery.sticky.min6173.js]
[connect.facebook.net/en_US/fbevents.js]
[augustohack.com.br/wp-content/plugins/elementor-pro/assets/js/frontend.min6173.js]
[augustohack.com.br/wp-content/plugins/elementor/assets/lib/dialog/dialog.mina288.js]
[augustohack.com.br/wp-content/plugins/elementor/assets/lib/waypoints/waypoints.min05da.js]
[augustohack.com.br/wp-content/plugins/elementor/assets/lib/swiper/swiper.min48f5.js]
[augustohack.com.br/viver-de-home-office/Trident/index.html]
[augustohack.com.br/viver-de-home-office/Edge/index.html]
[augustohack.com.br/wp-content/plugins/elementor/assets/lib/share-link/share-link.minc578.js]
[augustohack.com.br/viver-de-home-office/Firefox/index.html]
[augustohack.com.br/viver-de-home-office/Gecko/index.html]
[augustohack.com.br/wp-content/plugins/elementor/assets/js/frontend.minc578.js]
[c0.wp.com/c/6.0.2/wp-includes/js/mediaelement/mejs-controls.svg]
[c0.wp.com/p/jetpack/10.7/modules/shortcodes/img/slideshow-controls.html]
[c0.wp.com/p/jetpack/10.7/modules/shortcodes/img/slideshow-controls-2x.html]
[c0.wp.com/p/jetpack/10.7/modules/shortcodes/images/expand.html]
[c0.wp.com/p/jetpack/10.7/modules/shortcodes/images/collapse.html]
[connect.facebook.net/en_US/fbevents.js]
[augustohack.com.br/viver-de-home-office/Trident/index.html]
[augustohack.com.br/viver-de-home-office/Edge/index.html]
[augustohack.com.br/viver-de-home-office/Gecko/index.html]
[augustohack.com.br/viver-de-home-office/Firefox/index.html]
[augustohack.com.br/viver-de-home-office/Version/index.html]
[augustohack.com.br/viver-de-home-office/Version/index.html]
[augustohack.com.br/viver-de-home-office/version/index-2.html]
[augustohack.com.br/viver-de-home-office/version/index-2.html]
